<?xml version="1.0" encoding="UTF-8"?>
<testng-results ignored="0" total="1" passed="1" failed="0" skipped="0">
  <reporter-output>
  </reporter-output>
  <suite started-at="2024-03-15T22:59:23 IST" name="Default suite" finished-at="2024-03-15T22:59:23 IST" duration-ms="367">
    <groups>
    </groups>
    <test started-at="2024-03-15T22:59:23 IST" name="Default test" finished-at="2024-03-15T22:59:23 IST" duration-ms="367">
      <class name="Day7.JAVAFaker">
        <test-method signature="javafakervalidation()[pri:0, instance:Day7.JAVAFaker@6253c26]" started-at="2024-03-15T22:59:23 IST" name="javafakervalidation" finished-at="2024-03-15T22:59:23 IST" duration-ms="295" status="PASS">
          <reporter-output>
          </reporter-output>
        </test-method> <!-- javafakervalidation -->
      </class> <!-- Day7.JAVAFaker -->
    </test> <!-- Default test -->
  </suite> <!-- Default suite -->
</testng-results>
